C:\Users\CLOUDSPACE\Desktop\required images\Test\ElectricityBillingSystem\angular\dist\out-tsc\app\services\customer.service.js
C:\Users\CLOUDSPACE\Desktop\required images\Test\ElectricityBillingSystem\angular\dist\out-tsc\app\services\customer.service.js.map
C:\Users\CLOUDSPACE\Desktop\required images\Test\ElectricityBillingSystem\angular\dist\out-tsc\app\change-password-customer\change-password-customer.component.js
C:\Users\CLOUDSPACE\Desktop\required images\Test\ElectricityBillingSystem\angular\dist\out-tsc\app\change-password-customer\change-password-customer.component.js.map
C:\Users\CLOUDSPACE\Desktop\required images\Test\ElectricityBillingSystem\angular\dist\out-tsc\app\services\admin.service.js
C:\Users\CLOUDSPACE\Desktop\required images\Test\ElectricityBillingSystem\angular\dist\out-tsc\app\services\admin.service.js.map
C:\Users\CLOUDSPACE\Desktop\required images\Test\ElectricityBillingSystem\angular\dist\out-tsc\app\change-password\change-password.component.js
C:\Users\CLOUDSPACE\Desktop\required images\Test\ElectricityBillingSystem\angular\dist\out-tsc\app\change-password\change-password.component.js.map
C:\Users\CLOUDSPACE\Desktop\required images\Test\ElectricityBillingSystem\angular\dist\out-tsc\app\dashboard\admindashboard\add-bill\add-bill.component.js
C:\Users\CLOUDSPACE\Desktop\required images\Test\ElectricityBillingSystem\angular\dist\out-tsc\app\dashboard\admindashboard\add-bill\add-bill.component.js.map
C:\Users\CLOUDSPACE\Desktop\required images\Test\ElectricityBillingSystem\angular\dist\out-tsc\app\shared\bill.model.js
C:\Users\CLOUDSPACE\Desktop\required images\Test\ElectricityBillingSystem\angular\dist\out-tsc\app\shared\bill.model.js.map
C:\Users\CLOUDSPACE\Desktop\required images\Test\ElectricityBillingSystem\angular\dist\out-tsc\app\dashboard\admindashboard\adminbill\adminbill.component.js
C:\Users\CLOUDSPACE\Desktop\required images\Test\ElectricityBillingSystem\angular\dist\out-tsc\app\dashboard\admindashboard\adminbill\adminbill.component.js.map
C:\Users\CLOUDSPACE\Desktop\required images\Test\ElectricityBillingSystem\angular\dist\out-tsc\app\alertmsg\alertmsg.component.js
C:\Users\CLOUDSPACE\Desktop\required images\Test\ElectricityBillingSystem\angular\dist\out-tsc\app\alertmsg\alertmsg.component.js.map
C:\Users\CLOUDSPACE\Desktop\required images\Test\ElectricityBillingSystem\angular\dist\out-tsc\app\shared\RegistrationModel.js
C:\Users\CLOUDSPACE\Desktop\required images\Test\ElectricityBillingSystem\angular\dist\out-tsc\app\shared\RegistrationModel.js.map
C:\Users\CLOUDSPACE\Desktop\required images\Test\ElectricityBillingSystem\angular\dist\out-tsc\app\dashboard\admindashboard\add-customer\add-customer.component.js
C:\Users\CLOUDSPACE\Desktop\required images\Test\ElectricityBillingSystem\angular\dist\out-tsc\app\dashboard\admindashboard\add-customer\add-customer.component.js.map
C:\Users\CLOUDSPACE\Desktop\required images\Test\ElectricityBillingSystem\angular\dist\out-tsc\app\dashboard\admindashboard\edit-customer\edit-customer.component.js
C:\Users\CLOUDSPACE\Desktop\required images\Test\ElectricityBillingSystem\angular\dist\out-tsc\app\dashboard\admindashboard\edit-customer\edit-customer.component.js.map
C:\Users\CLOUDSPACE\Desktop\required images\Test\ElectricityBillingSystem\angular\dist\out-tsc\app\dashboard\admindashboard\admincust\admincust.component.js
C:\Users\CLOUDSPACE\Desktop\required images\Test\ElectricityBillingSystem\angular\dist\out-tsc\app\dashboard\admindashboard\admincust\admincust.component.js.map
C:\Users\CLOUDSPACE\Desktop\required images\Test\ElectricityBillingSystem\angular\dist\out-tsc\app\dashboard\admindashboard\admindashboard.component.js
C:\Users\CLOUDSPACE\Desktop\required images\Test\ElectricityBillingSystem\angular\dist\out-tsc\app\dashboard\admindashboard\admindashboard.component.js.map
C:\Users\CLOUDSPACE\Desktop\required images\Test\ElectricityBillingSystem\angular\dist\out-tsc\app\dashboard\admindashboard\adminpay\adminpay.component.js
C:\Users\CLOUDSPACE\Desktop\required images\Test\ElectricityBillingSystem\angular\dist\out-tsc\app\dashboard\admindashboard\adminpay\adminpay.component.js.map
C:\Users\CLOUDSPACE\Desktop\required images\Test\ElectricityBillingSystem\angular\dist\out-tsc\app\shared\adminDTO.js
C:\Users\CLOUDSPACE\Desktop\required images\Test\ElectricityBillingSystem\angular\dist\out-tsc\app\shared\adminDTO.js.map
C:\Users\CLOUDSPACE\Desktop\required images\Test\ElectricityBillingSystem\angular\dist\out-tsc\app\dashboard\admindashboard\adminprofile\adminprofile.component.js
C:\Users\CLOUDSPACE\Desktop\required images\Test\ElectricityBillingSystem\angular\dist\out-tsc\app\dashboard\admindashboard\adminprofile\adminprofile.component.js.map
C:\Users\CLOUDSPACE\Desktop\required images\Test\ElectricityBillingSystem\angular\dist\out-tsc\app\dashboard\customerdashboard\customerbill\customerbill.component.js
C:\Users\CLOUDSPACE\Desktop\required images\Test\ElectricityBillingSystem\angular\dist\out-tsc\app\dashboard\customerdashboard\customerbill\customerbill.component.js.map
C:\Users\CLOUDSPACE\Desktop\required images\Test\ElectricityBillingSystem\angular\dist\out-tsc\app\dashboard\customerdashboard\customerdashboard.component.js
C:\Users\CLOUDSPACE\Desktop\required images\Test\ElectricityBillingSystem\angular\dist\out-tsc\app\dashboard\customerdashboard\customerdashboard.component.js.map
C:\Users\CLOUDSPACE\Desktop\required images\Test\ElectricityBillingSystem\angular\dist\out-tsc\app\dashboard\customerdashboard\customerpay\customerpay.component.js
C:\Users\CLOUDSPACE\Desktop\required images\Test\ElectricityBillingSystem\angular\dist\out-tsc\app\dashboard\customerdashboard\customerpay\customerpay.component.js.map
C:\Users\CLOUDSPACE\Desktop\required images\Test\ElectricityBillingSystem\angular\dist\out-tsc\app\dashboard\customerdashboard\customerprofile\customerprofile.component.js
C:\Users\CLOUDSPACE\Desktop\required images\Test\ElectricityBillingSystem\angular\dist\out-tsc\app\dashboard\customerdashboard\customerprofile\customerprofile.component.js.map
C:\Users\CLOUDSPACE\Desktop\required images\Test\ElectricityBillingSystem\angular\dist\out-tsc\app\dashboard\customerdashboard\make-payment\make-payment.component.js
C:\Users\CLOUDSPACE\Desktop\required images\Test\ElectricityBillingSystem\angular\dist\out-tsc\app\dashboard\customerdashboard\make-payment\make-payment.component.js.map
C:\Users\CLOUDSPACE\Desktop\required images\Test\ElectricityBillingSystem\angular\dist\out-tsc\app\shared\updateProfile.model.js
C:\Users\CLOUDSPACE\Desktop\required images\Test\ElectricityBillingSystem\angular\dist\out-tsc\app\shared\updateProfile.model.js.map
C:\Users\CLOUDSPACE\Desktop\required images\Test\ElectricityBillingSystem\angular\dist\out-tsc\app\dashboard\update-profile\update-profile.component.js
C:\Users\CLOUDSPACE\Desktop\required images\Test\ElectricityBillingSystem\angular\dist\out-tsc\app\dashboard\update-profile\update-profile.component.js.map
C:\Users\CLOUDSPACE\Desktop\required images\Test\ElectricityBillingSystem\angular\dist\out-tsc\app\services\user.service.js
C:\Users\CLOUDSPACE\Desktop\required images\Test\ElectricityBillingSystem\angular\dist\out-tsc\app\services\user.service.js.map
C:\Users\CLOUDSPACE\Desktop\required images\Test\ElectricityBillingSystem\angular\dist\out-tsc\app\shared\LoginModel.js
C:\Users\CLOUDSPACE\Desktop\required images\Test\ElectricityBillingSystem\angular\dist\out-tsc\app\shared\LoginModel.js.map
C:\Users\CLOUDSPACE\Desktop\required images\Test\ElectricityBillingSystem\angular\dist\out-tsc\app\signup\signup.component.js
C:\Users\CLOUDSPACE\Desktop\required images\Test\ElectricityBillingSystem\angular\dist\out-tsc\app\signup\signup.component.js.map
C:\Users\CLOUDSPACE\Desktop\required images\Test\ElectricityBillingSystem\angular\dist\out-tsc\app\login\login.component.js
C:\Users\CLOUDSPACE\Desktop\required images\Test\ElectricityBillingSystem\angular\dist\out-tsc\app\login\login.component.js.map
C:\Users\CLOUDSPACE\Desktop\required images\Test\ElectricityBillingSystem\angular\dist\out-tsc\app\forget-password\forget-password.component.js
C:\Users\CLOUDSPACE\Desktop\required images\Test\ElectricityBillingSystem\angular\dist\out-tsc\app\forget-password\forget-password.component.js.map
C:\Users\CLOUDSPACE\Desktop\required images\Test\ElectricityBillingSystem\angular\dist\out-tsc\app\home\home.component.js
C:\Users\CLOUDSPACE\Desktop\required images\Test\ElectricityBillingSystem\angular\dist\out-tsc\app\home\home.component.js.map
C:\Users\CLOUDSPACE\Desktop\required images\Test\ElectricityBillingSystem\angular\dist\out-tsc\app\update-payments-in-bill\update-payments-in-bill.component.js
C:\Users\CLOUDSPACE\Desktop\required images\Test\ElectricityBillingSystem\angular\dist\out-tsc\app\update-payments-in-bill\update-payments-in-bill.component.js.map
C:\Users\CLOUDSPACE\Desktop\required images\Test\ElectricityBillingSystem\angular\dist\out-tsc\app\app-routing.module.js
C:\Users\CLOUDSPACE\Desktop\required images\Test\ElectricityBillingSystem\angular\dist\out-tsc\app\app-routing.module.js.map
C:\Users\CLOUDSPACE\Desktop\required images\Test\ElectricityBillingSystem\angular\dist\out-tsc\app\app.component.js
C:\Users\CLOUDSPACE\Desktop\required images\Test\ElectricityBillingSystem\angular\dist\out-tsc\app\app.component.js.map
C:\Users\CLOUDSPACE\Desktop\required images\Test\ElectricityBillingSystem\angular\dist\out-tsc\app\header\header.component.js
C:\Users\CLOUDSPACE\Desktop\required images\Test\ElectricityBillingSystem\angular\dist\out-tsc\app\header\header.component.js.map
C:\Users\CLOUDSPACE\Desktop\required images\Test\ElectricityBillingSystem\angular\dist\out-tsc\app\footer\footer.component.js
C:\Users\CLOUDSPACE\Desktop\required images\Test\ElectricityBillingSystem\angular\dist\out-tsc\app\footer\footer.component.js.map
C:\Users\CLOUDSPACE\Desktop\required images\Test\ElectricityBillingSystem\angular\dist\out-tsc\app\about\about.component.js
C:\Users\CLOUDSPACE\Desktop\required images\Test\ElectricityBillingSystem\angular\dist\out-tsc\app\about\about.component.js.map
C:\Users\CLOUDSPACE\Desktop\required images\Test\ElectricityBillingSystem\angular\dist\out-tsc\app\auth\auth.interceptor.js
C:\Users\CLOUDSPACE\Desktop\required images\Test\ElectricityBillingSystem\angular\dist\out-tsc\app\auth\auth.interceptor.js.map
C:\Users\CLOUDSPACE\Desktop\required images\Test\ElectricityBillingSystem\angular\dist\out-tsc\app\team\team.component.js
C:\Users\CLOUDSPACE\Desktop\required images\Test\ElectricityBillingSystem\angular\dist\out-tsc\app\team\team.component.js.map
C:\Users\CLOUDSPACE\Desktop\required images\Test\ElectricityBillingSystem\angular\dist\out-tsc\app\contact\contact.component.js
C:\Users\CLOUDSPACE\Desktop\required images\Test\ElectricityBillingSystem\angular\dist\out-tsc\app\contact\contact.component.js.map
C:\Users\CLOUDSPACE\Desktop\required images\Test\ElectricityBillingSystem\angular\dist\out-tsc\app\feature\feature.component.js
C:\Users\CLOUDSPACE\Desktop\required images\Test\ElectricityBillingSystem\angular\dist\out-tsc\app\feature\feature.component.js.map
C:\Users\CLOUDSPACE\Desktop\required images\Test\ElectricityBillingSystem\angular\dist\out-tsc\app\dashboard\sidenav\sidenav.component.js
C:\Users\CLOUDSPACE\Desktop\required images\Test\ElectricityBillingSystem\angular\dist\out-tsc\app\dashboard\sidenav\sidenav.component.js.map
C:\Users\CLOUDSPACE\Desktop\required images\Test\ElectricityBillingSystem\angular\dist\out-tsc\app\dashboard\dashboard-header\dashboard-header.component.js
C:\Users\CLOUDSPACE\Desktop\required images\Test\ElectricityBillingSystem\angular\dist\out-tsc\app\dashboard\dashboard-header\dashboard-header.component.js.map
C:\Users\CLOUDSPACE\Desktop\required images\Test\ElectricityBillingSystem\angular\dist\out-tsc\app\dashboard\customer-sidenav\customer-sidenav.component.js
C:\Users\CLOUDSPACE\Desktop\required images\Test\ElectricityBillingSystem\angular\dist\out-tsc\app\dashboard\customer-sidenav\customer-sidenav.component.js.map
C:\Users\CLOUDSPACE\Desktop\required images\Test\ElectricityBillingSystem\angular\dist\out-tsc\app\app.module.js
C:\Users\CLOUDSPACE\Desktop\required images\Test\ElectricityBillingSystem\angular\dist\out-tsc\app\app.module.js.map
C:\Users\CLOUDSPACE\Desktop\required images\Test\ElectricityBillingSystem\angular\dist\out-tsc\environments\environment.js
C:\Users\CLOUDSPACE\Desktop\required images\Test\ElectricityBillingSystem\angular\dist\out-tsc\environments\environment.js.map
C:\Users\CLOUDSPACE\Desktop\required images\Test\ElectricityBillingSystem\angular\dist\out-tsc\main.js
C:\Users\CLOUDSPACE\Desktop\required images\Test\ElectricityBillingSystem\angular\dist\out-tsc\main.js.map
C:\Users\CLOUDSPACE\Desktop\required images\Test\ElectricityBillingSystem\angular\dist\out-tsc\polyfills.js
C:\Users\CLOUDSPACE\Desktop\required images\Test\ElectricityBillingSystem\angular\dist\out-tsc\polyfills.js.map
C:\Users\CLOUDSPACE\Desktop\required images\Test\ElectricityBillingSystem\angular\dist\out-tsc\test.js
C:\Users\CLOUDSPACE\Desktop\required images\Test\ElectricityBillingSystem\angular\dist\out-tsc\test.js.map
C:\Users\CLOUDSPACE\Desktop\required images\Test\ElectricityBillingSystem\angular\dist\out-tsc\app\app.component.spec.js
C:\Users\CLOUDSPACE\Desktop\required images\Test\ElectricityBillingSystem\angular\dist\out-tsc\app\app.component.spec.js.map
C:\Users\CLOUDSPACE\Desktop\required images\Test\ElectricityBillingSystem\angular\dist\out-tsc\app\about\about.component.spec.js
C:\Users\CLOUDSPACE\Desktop\required images\Test\ElectricityBillingSystem\angular\dist\out-tsc\app\about\about.component.spec.js.map
C:\Users\CLOUDSPACE\Desktop\required images\Test\ElectricityBillingSystem\angular\dist\out-tsc\app\alertmsg\alertmsg.component.spec.js
C:\Users\CLOUDSPACE\Desktop\required images\Test\ElectricityBillingSystem\angular\dist\out-tsc\app\alertmsg\alertmsg.component.spec.js.map
C:\Users\CLOUDSPACE\Desktop\required images\Test\ElectricityBillingSystem\angular\dist\out-tsc\app\auth\auth.guard.js
C:\Users\CLOUDSPACE\Desktop\required images\Test\ElectricityBillingSystem\angular\dist\out-tsc\app\auth\auth.guard.js.map
C:\Users\CLOUDSPACE\Desktop\required images\Test\ElectricityBillingSystem\angular\dist\out-tsc\app\auth\auth.guard.spec.js
C:\Users\CLOUDSPACE\Desktop\required images\Test\ElectricityBillingSystem\angular\dist\out-tsc\app\auth\auth.guard.spec.js.map
C:\Users\CLOUDSPACE\Desktop\required images\Test\ElectricityBillingSystem\angular\dist\out-tsc\app\change-password\change-password.component.spec.js
C:\Users\CLOUDSPACE\Desktop\required images\Test\ElectricityBillingSystem\angular\dist\out-tsc\app\change-password\change-password.component.spec.js.map
C:\Users\CLOUDSPACE\Desktop\required images\Test\ElectricityBillingSystem\angular\dist\out-tsc\app\change-password-customer\change-password-customer.component.spec.js
C:\Users\CLOUDSPACE\Desktop\required images\Test\ElectricityBillingSystem\angular\dist\out-tsc\app\change-password-customer\change-password-customer.component.spec.js.map
C:\Users\CLOUDSPACE\Desktop\required images\Test\ElectricityBillingSystem\angular\dist\out-tsc\app\contact\contact.component.spec.js
C:\Users\CLOUDSPACE\Desktop\required images\Test\ElectricityBillingSystem\angular\dist\out-tsc\app\contact\contact.component.spec.js.map
C:\Users\CLOUDSPACE\Desktop\required images\Test\ElectricityBillingSystem\angular\dist\out-tsc\app\dashboard\admindashboard\admindashboard.component.spec.js
C:\Users\CLOUDSPACE\Desktop\required images\Test\ElectricityBillingSystem\angular\dist\out-tsc\app\dashboard\admindashboard\admindashboard.component.spec.js.map
C:\Users\CLOUDSPACE\Desktop\required images\Test\ElectricityBillingSystem\angular\dist\out-tsc\app\dashboard\admindashboard\add-bill\add-bill.component.spec.js
C:\Users\CLOUDSPACE\Desktop\required images\Test\ElectricityBillingSystem\angular\dist\out-tsc\app\dashboard\admindashboard\add-bill\add-bill.component.spec.js.map
C:\Users\CLOUDSPACE\Desktop\required images\Test\ElectricityBillingSystem\angular\dist\out-tsc\app\dashboard\admindashboard\add-customer\add-customer.component.spec.js
C:\Users\CLOUDSPACE\Desktop\required images\Test\ElectricityBillingSystem\angular\dist\out-tsc\app\dashboard\admindashboard\add-customer\add-customer.component.spec.js.map
C:\Users\CLOUDSPACE\Desktop\required images\Test\ElectricityBillingSystem\angular\dist\out-tsc\app\dashboard\admindashboard\adminbill\adminbill.component.spec.js
C:\Users\CLOUDSPACE\Desktop\required images\Test\ElectricityBillingSystem\angular\dist\out-tsc\app\dashboard\admindashboard\adminbill\adminbill.component.spec.js.map
C:\Users\CLOUDSPACE\Desktop\required images\Test\ElectricityBillingSystem\angular\dist\out-tsc\app\dashboard\admindashboard\admincust\admincust.component.spec.js
C:\Users\CLOUDSPACE\Desktop\required images\Test\ElectricityBillingSystem\angular\dist\out-tsc\app\dashboard\admindashboard\admincust\admincust.component.spec.js.map
C:\Users\CLOUDSPACE\Desktop\required images\Test\ElectricityBillingSystem\angular\dist\out-tsc\app\dashboard\admindashboard\adminpay\adminpay.component.spec.js
C:\Users\CLOUDSPACE\Desktop\required images\Test\ElectricityBillingSystem\angular\dist\out-tsc\app\dashboard\admindashboard\adminpay\adminpay.component.spec.js.map
C:\Users\CLOUDSPACE\Desktop\required images\Test\ElectricityBillingSystem\angular\dist\out-tsc\app\dashboard\admindashboard\adminprofile\adminprofile.component.spec.js
C:\Users\CLOUDSPACE\Desktop\required images\Test\ElectricityBillingSystem\angular\dist\out-tsc\app\dashboard\admindashboard\adminprofile\adminprofile.component.spec.js.map
C:\Users\CLOUDSPACE\Desktop\required images\Test\ElectricityBillingSystem\angular\dist\out-tsc\app\dashboard\admindashboard\edit-customer\edit-customer.component.spec.js
C:\Users\CLOUDSPACE\Desktop\required images\Test\ElectricityBillingSystem\angular\dist\out-tsc\app\dashboard\admindashboard\edit-customer\edit-customer.component.spec.js.map
C:\Users\CLOUDSPACE\Desktop\required images\Test\ElectricityBillingSystem\angular\dist\out-tsc\app\dashboard\customer-sidenav\customer-sidenav.component.spec.js
C:\Users\CLOUDSPACE\Desktop\required images\Test\ElectricityBillingSystem\angular\dist\out-tsc\app\dashboard\customer-sidenav\customer-sidenav.component.spec.js.map
C:\Users\CLOUDSPACE\Desktop\required images\Test\ElectricityBillingSystem\angular\dist\out-tsc\app\dashboard\customerdashboard\customerdashboard.component.spec.js
C:\Users\CLOUDSPACE\Desktop\required images\Test\ElectricityBillingSystem\angular\dist\out-tsc\app\dashboard\customerdashboard\customerdashboard.component.spec.js.map
C:\Users\CLOUDSPACE\Desktop\required images\Test\ElectricityBillingSystem\angular\dist\out-tsc\app\dashboard\customerdashboard\customerbill\customerbill.component.spec.js
C:\Users\CLOUDSPACE\Desktop\required images\Test\ElectricityBillingSystem\angular\dist\out-tsc\app\dashboard\customerdashboard\customerbill\customerbill.component.spec.js.map
C:\Users\CLOUDSPACE\Desktop\required images\Test\ElectricityBillingSystem\angular\dist\out-tsc\app\dashboard\customerdashboard\customerpay\customerpay.component.spec.js
C:\Users\CLOUDSPACE\Desktop\required images\Test\ElectricityBillingSystem\angular\dist\out-tsc\app\dashboard\customerdashboard\customerpay\customerpay.component.spec.js.map
C:\Users\CLOUDSPACE\Desktop\required images\Test\ElectricityBillingSystem\angular\dist\out-tsc\app\dashboard\customerdashboard\customerprofile\customerprofile.component.spec.js
C:\Users\CLOUDSPACE\Desktop\required images\Test\ElectricityBillingSystem\angular\dist\out-tsc\app\dashboard\customerdashboard\customerprofile\customerprofile.component.spec.js.map
C:\Users\CLOUDSPACE\Desktop\required images\Test\ElectricityBillingSystem\angular\dist\out-tsc\app\dashboard\customerdashboard\make-payment\make-payment.component.spec.js
C:\Users\CLOUDSPACE\Desktop\required images\Test\ElectricityBillingSystem\angular\dist\out-tsc\app\dashboard\customerdashboard\make-payment\make-payment.component.spec.js.map
C:\Users\CLOUDSPACE\Desktop\required images\Test\ElectricityBillingSystem\angular\dist\out-tsc\app\dashboard\dashboard-header\dashboard-header.component.spec.js
C:\Users\CLOUDSPACE\Desktop\required images\Test\ElectricityBillingSystem\angular\dist\out-tsc\app\dashboard\dashboard-header\dashboard-header.component.spec.js.map
C:\Users\CLOUDSPACE\Desktop\required images\Test\ElectricityBillingSystem\angular\dist\out-tsc\app\dashboard\sidenav\sidenav.component.spec.js
C:\Users\CLOUDSPACE\Desktop\required images\Test\ElectricityBillingSystem\angular\dist\out-tsc\app\dashboard\sidenav\sidenav.component.spec.js.map
C:\Users\CLOUDSPACE\Desktop\required images\Test\ElectricityBillingSystem\angular\dist\out-tsc\app\dashboard\update-profile\update-profile.component.spec.js
C:\Users\CLOUDSPACE\Desktop\required images\Test\ElectricityBillingSystem\angular\dist\out-tsc\app\dashboard\update-profile\update-profile.component.spec.js.map
C:\Users\CLOUDSPACE\Desktop\required images\Test\ElectricityBillingSystem\angular\dist\out-tsc\app\feature\feature.component.spec.js
C:\Users\CLOUDSPACE\Desktop\required images\Test\ElectricityBillingSystem\angular\dist\out-tsc\app\feature\feature.component.spec.js.map
C:\Users\CLOUDSPACE\Desktop\required images\Test\ElectricityBillingSystem\angular\dist\out-tsc\app\footer\footer.component.spec.js
C:\Users\CLOUDSPACE\Desktop\required images\Test\ElectricityBillingSystem\angular\dist\out-tsc\app\footer\footer.component.spec.js.map
C:\Users\CLOUDSPACE\Desktop\required images\Test\ElectricityBillingSystem\angular\dist\out-tsc\app\forget-password\forget-password.component.spec.js
C:\Users\CLOUDSPACE\Desktop\required images\Test\ElectricityBillingSystem\angular\dist\out-tsc\app\forget-password\forget-password.component.spec.js.map
C:\Users\CLOUDSPACE\Desktop\required images\Test\ElectricityBillingSystem\angular\dist\out-tsc\app\header\header.component.spec.js
C:\Users\CLOUDSPACE\Desktop\required images\Test\ElectricityBillingSystem\angular\dist\out-tsc\app\header\header.component.spec.js.map
C:\Users\CLOUDSPACE\Desktop\required images\Test\ElectricityBillingSystem\angular\dist\out-tsc\app\home\home.component.spec.js
C:\Users\CLOUDSPACE\Desktop\required images\Test\ElectricityBillingSystem\angular\dist\out-tsc\app\home\home.component.spec.js.map
C:\Users\CLOUDSPACE\Desktop\required images\Test\ElectricityBillingSystem\angular\dist\out-tsc\app\login\login.component.spec.js
C:\Users\CLOUDSPACE\Desktop\required images\Test\ElectricityBillingSystem\angular\dist\out-tsc\app\login\login.component.spec.js.map
C:\Users\CLOUDSPACE\Desktop\required images\Test\ElectricityBillingSystem\angular\dist\out-tsc\app\services\admin.service.spec.js
C:\Users\CLOUDSPACE\Desktop\required images\Test\ElectricityBillingSystem\angular\dist\out-tsc\app\services\admin.service.spec.js.map
C:\Users\CLOUDSPACE\Desktop\required images\Test\ElectricityBillingSystem\angular\dist\out-tsc\app\services\customer.service.spec.js
C:\Users\CLOUDSPACE\Desktop\required images\Test\ElectricityBillingSystem\angular\dist\out-tsc\app\services\customer.service.spec.js.map
C:\Users\CLOUDSPACE\Desktop\required images\Test\ElectricityBillingSystem\angular\dist\out-tsc\app\services\user.service.spec.js
C:\Users\CLOUDSPACE\Desktop\required images\Test\ElectricityBillingSystem\angular\dist\out-tsc\app\services\user.service.spec.js.map
C:\Users\CLOUDSPACE\Desktop\required images\Test\ElectricityBillingSystem\angular\dist\out-tsc\app\shared\createBillModel.js
C:\Users\CLOUDSPACE\Desktop\required images\Test\ElectricityBillingSystem\angular\dist\out-tsc\app\shared\createBillModel.js.map
C:\Users\CLOUDSPACE\Desktop\required images\Test\ElectricityBillingSystem\angular\dist\out-tsc\app\shared\customerModel.js
C:\Users\CLOUDSPACE\Desktop\required images\Test\ElectricityBillingSystem\angular\dist\out-tsc\app\shared\customerModel.js.map
C:\Users\CLOUDSPACE\Desktop\required images\Test\ElectricityBillingSystem\angular\dist\out-tsc\app\shared\registration.js
C:\Users\CLOUDSPACE\Desktop\required images\Test\ElectricityBillingSystem\angular\dist\out-tsc\app\shared\registration.js.map
C:\Users\CLOUDSPACE\Desktop\required images\Test\ElectricityBillingSystem\angular\dist\out-tsc\app\signup\signup.component.spec.js
C:\Users\CLOUDSPACE\Desktop\required images\Test\ElectricityBillingSystem\angular\dist\out-tsc\app\signup\signup.component.spec.js.map
C:\Users\CLOUDSPACE\Desktop\required images\Test\ElectricityBillingSystem\angular\dist\out-tsc\app\team\team.component.spec.js
C:\Users\CLOUDSPACE\Desktop\required images\Test\ElectricityBillingSystem\angular\dist\out-tsc\app\team\team.component.spec.js.map
C:\Users\CLOUDSPACE\Desktop\required images\Test\ElectricityBillingSystem\angular\dist\out-tsc\app\update-payments-in-bill\update-payments-in-bill.component.spec.js
C:\Users\CLOUDSPACE\Desktop\required images\Test\ElectricityBillingSystem\angular\dist\out-tsc\app\update-payments-in-bill\update-payments-in-bill.component.spec.js.map
C:\Users\CLOUDSPACE\Desktop\required images\Test\ElectricityBillingSystem\angular\dist\out-tsc\environments\environment.prod.js
C:\Users\CLOUDSPACE\Desktop\required images\Test\ElectricityBillingSystem\angular\dist\out-tsc\environments\environment.prod.js.map
